# JRE version: Java(TM) SE Runtime Environment (7.0_71-b14) (build 1.7.0_71-b14)
# Java VM: Java HotSpot(TM) 64-Bit Server VM (24.71-b01 mixed mode windows-amd64 compressed oops)
Heap
 PSYoungGen      total 197120K, used 127612K [0x00000000f0000000, 0x0000000100000000, 0x0000000100000000)
  eden space 141824K, 57% used [0x00000000f0000000,0x00000000f502bdf8,0x00000000f8a80000)
  from space 55296K, 82% used [0x00000000f8a80000,0x00000000fb6f3390,0x00000000fc080000)
  to   space 57856K, 0% used [0x00000000fc780000,0x00000000fc780000,0x0000000100000000)
 ParOldGen       total 93696K, used 85212K [0x00000000d0000000, 0x00000000d5b80000, 0x00000000f0000000)
  object space 93696K, 90% used [0x00000000d0000000,0x00000000d5337348,0x00000000d5b80000)
 PSPermGen       total 75264K, used 75088K [0x00000000c0000000, 0x00000000c4980000, 0x00000000d0000000)
  object space 75264K, 99% used [0x00000000c0000000,0x00000000c49540e8,0x00000000c4980000)
GC Heap History (10 events):
Event: 2061.653 GC heap before
{Heap before GC invocations=49 (full 2):
 PSYoungGen      total 197632K, used 168894K [0x00000000f0000000, 0x0000000100000000, 0x0000000100000000)
  eden space 131584K, 99% used [0x00000000f0000000,0x00000000f804b270,0x00000000f8080000)
  from space 66048K, 56% used [0x00000000fbf80000,0x00000000fe424648,0x0000000100000000)
  to   space 64512K, 0% used [0x00000000f8080000,0x00000000f8080000,0x00000000fbf80000)
 ParOldGen       total 93696K, used 66192K [0x00000000d0000000, 0x00000000d5b80000, 0x00000000f0000000)
  object space 93696K, 70% used [0x00000000d0000000,0x00000000d40a41a0,0x00000000d5b80000)
 PSPermGen       total 72192K, used 71643K [0x00000000c0000000, 0x00000000c4680000, 0x00000000d0000000)
  object space 72192K, 99% used [0x00000000c0000000,0x00000000c45f6de0,0x00000000c4680000)
Event: 2061.682 GC heap after
Heap after GC invocations=49 (full 2):
 PSYoungGen      total 168448K, used 36475K [0x00000000f0000000, 0x00000000ffb80000, 0x0000000100000000)
  eden space 131584K, 0% used [0x00000000f0000000,0x00000000f0000000,0x00000000f8080000)
  from space 36864K, 98% used [0x00000000f8080000,0x00000000fa41edf8,0x00000000fa480000)
  to   space 62976K, 0% used [0x00000000fbe00000,0x00000000fbe00000,0x00000000ffb80000)
 ParOldGen       total 93696K, used 70457K [0x00000000d0000000, 0x00000000d5b80000, 0x00000000f0000000)
  object space 93696K, 75% used [0x00000000d0000000,0x00000000d44ce6c8,0x00000000d5b80000)
 PSPermGen       total 72192K, used 71643K [0x00000000c0000000, 0x00000000c4680000, 0x00000000d0000000)
  object space 72192K, 99% used [0x00000000c0000000,0x00000000c45f6de0,0x00000000c4680000)
}
Event: 2070.060 GC heap before
{Heap before GC invocations=50 (full 2):
 PSYoungGen      total 168448K, used 168059K [0x00000000f0000000, 0x00000000ffb80000, 0x0000000100000000)
  eden space 131584K, 100% used [0x00000000f0000000,0x00000000f8080000,0x00000000f8080000)
  from space 36864K, 98% used [0x00000000f8080000,0x00000000fa41edf8,0x00000000fa480000)
  to   space 62976K, 0% used [0x00000000fbe00000,0x00000000fbe00000,0x00000000ffb80000)
 ParOldGen       total 93696K, used 70457K [0x00000000d0000000, 0x00000000d5b80000, 0x00000000f0000000)
  object space 93696K, 75% used [0x00000000d0000000,0x00000000d44ce6c8,0x00000000d5b80000)
 PSPermGen       total 73216K, used 72849K [0x00000000c0000000, 0x00000000c4780000, 0x00000000d0000000)
  object space 73216K, 99% used [0x00000000c0000000,0x00000000c47246a8,0x00000000c4780000)
Event: 2070.089 GC heap after
Heap after GC invocations=50 (full 2):
 PSYoungGen      total 197632K, used 33211K [0x00000000f0000000, 0x00000000fff00000, 0x0000000100000000)
  eden space 134656K, 0% used [0x00000000f0000000,0x00000000f0000000,0x00000000f8380000)
  from space 62976K, 52% used [0x00000000fbe00000,0x00000000fde6ef00,0x00000000ffb80000)
  to   space 59904K, 0% used [0x00000000f8380000,0x00000000f8380000,0x00000000fbe00000)
 ParOldGen       total 93696K, used 77464K [0x00000000d0000000, 0x00000000d5b80000, 0x00000000f0000000)
  object space 93696K, 82% used [0x00000000d0000000,0x00000000d4ba62d8,0x00000000d5b80000)
 PSPermGen       total 73216K, used 72849K [0x00000000c0000000, 0x00000000c4780000, 0x00000000d0000000)
  object space 73216K, 99% used [0x00000000c0000000,0x00000000c47246a8,0x00000000c4780000)
}
Event: 2070.577 GC heap before
{Heap before GC invocations=51 (full 2):
 PSYoungGen      total 197632K, used 167867K [0x00000000f0000000, 0x00000000fff00000, 0x0000000100000000)
  eden space 134656K, 100% used [0x00000000f0000000,0x00000000f8380000,0x00000000f8380000)
  from space 62976K, 52% used [0x00000000fbe00000,0x00000000fde6ef00,0x00000000ffb80000)
  to   space 59904K, 0% used [0x00000000f8380000,0x00000000f8380000,0x00000000fbe00000)
 ParOldGen       total 93696K, used 77464K [0x00000000d0000000, 0x00000000d5b80000, 0x00000000f0000000)
  object space 93696K, 82% used [0x00000000d0000000,0x00000000d4ba62d8,0x00000000d5b80000)
 PSPermGen       total 73216K, used 73006K [0x00000000c0000000, 0x00000000c4780000, 0x00000000d0000000)
  object space 73216K, 99% used [0x00000000c0000000,0x00000000c474baf8,0x00000000c4780000)
Event: 2070.604 GC heap after
Heap after GC invocations=51 (full 2):
 PSYoungGen      total 194560K, used 31662K [0x00000000f0000000, 0x00000000ff900000, 0x0000000100000000)
  eden space 134656K, 0% used [0x00000000f0000000,0x00000000f0000000,0x00000000f8380000)
  from space 59904K, 52% used [0x00000000f8380000,0x00000000fa26b9d8,0x00000000fbe00000)
  to   space 57856K, 0% used [0x00000000fc080000,0x00000000fc080000,0x00000000ff900000)
 ParOldGen       total 93696K, used 80428K [0x00000000d0000000, 0x00000000d5b80000, 0x00000000f0000000)
  object space 93696K, 85% used [0x00000000d0000000,0x00000000d4e8b328,0x00000000d5b80000)
 PSPermGen       total 73216K, used 73006K [0x00000000c0000000, 0x00000000c4780000, 0x00000000d0000000)
  object space 73216K, 99% used [0x00000000c0000000,0x00000000c474baf8,0x00000000c4780000)
}
Event: 2101.434 GC heap before
{Heap before GC invocations=52 (full 2):
 PSYoungGen      total 194560K, used 166318K [0x00000000f0000000, 0x00000000ff900000, 0x0000000100000000)
  eden space 134656K, 100% used [0x00000000f0000000,0x00000000f8380000,0x00000000f8380000)
  from space 59904K, 52% used [0x00000000f8380000,0x00000000fa26b9d8,0x00000000fbe00000)
  to   space 57856K, 0% used [0x00000000fc080000,0x00000000fc080000,0x00000000ff900000)
 ParOldGen       total 93696K, used 80428K [0x00000000d0000000, 0x00000000d5b80000, 0x00000000f0000000)
  object space 93696K, 85% used [0x00000000d0000000,0x00000000d4e8b328,0x00000000d5b80000)
 PSPermGen       total 73728K, used 73431K [0x00000000c0000000, 0x00000000c4800000, 0x00000000d0000000)
  object space 73728K, 99% used [0x00000000c0000000,0x00000000c47b5d50,0x00000000c4800000)
Event: 2101.483 GC heap after
Heap after GC invocations=52 (full 2):
 PSYoungGen      total 199168K, used 32690K [0x00000000f0000000, 0x00000000ff880000, 0x0000000100000000)
  eden space 141824K, 0% used [0x00000000f0000000,0x00000000f0000000,0x00000000f8a80000)
  from space 57344K, 57% used [0x00000000fc080000,0x00000000fe06cba8,0x00000000ff880000)
  to   space 55296K, 0% used [0x00000000f8a80000,0x00000000f8a80000,0x00000000fc080000)
 ParOldGen       total 93696K, used 84796K [0x00000000d0000000, 0x00000000d5b80000, 0x00000000f0000000)
  object space 93696K, 90% used [0x00000000d0000000,0x00000000d52cf348,0x00000000d5b80000)
 PSPermGen       total 73728K, used 73431K [0x00000000c0000000, 0x00000000c4800000, 0x00000000d0000000)
  object space 73728K, 99% used [0x00000000c0000000,0x00000000c47b5d50,0x00000000c4800000)
}
Event: 2107.619 GC heap before
{Heap before GC invocations=53 (full 2):
 PSYoungGen      total 199168K, used 174514K [0x00000000f0000000, 0x00000000ff880000, 0x0000000100000000)
  eden space 141824K, 100% used [0x00000000f0000000,0x00000000f8a80000,0x00000000f8a80000)
  from space 57344K, 57% used [0x00000000fc080000,0x00000000fe06cba8,0x00000000ff880000)
  to   space 55296K, 0% used [0x00000000f8a80000,0x00000000f8a80000,0x00000000fc080000)
 ParOldGen       total 93696K, used 84796K [0x00000000d0000000, 0x00000000d5b80000, 0x00000000f0000000)
  object space 93696K, 90% used [0x00000000d0000000,0x00000000d52cf348,0x00000000d5b80000)
 PSPermGen       total 75264K, used 74988K [0x00000000c0000000, 0x00000000c4980000, 0x00000000d0000000)
  object space 75264K, 99% used [0x00000000c0000000,0x00000000c493b030,0x00000000c4980000)
Event: 2107.653 GC heap after
Heap after GC invocations=53 (full 2):
 PSYoungGen      total 197120K, used 45516K [0x00000000f0000000, 0x0000000100000000, 0x0000000100000000)
  eden space 141824K, 0% used [0x00000000f0000000,0x00000000f0000000,0x00000000f8a80000)
  from space 55296K, 82% used [0x00000000f8a80000,0x00000000fb6f3390,0x00000000fc080000)
  to   space 57856K, 0% used [0x00000000fc780000,0x00000000fc780000,0x0000000100000000)
 ParOldGen       total 93696K, used 85212K [0x00000000d0000000, 0x00000000d5b80000, 0x00000000f0000000)
  object space 93696K, 90% used [0x00000000d0000000,0x00000000d5337348,0x00000000d5b80000)
 PSPermGen       total 75264K, used 74988K [0x00000000c0000000, 0x00000000c4980000, 0x00000000d0000000)
  object space 75264K, 99% used [0x00000000c0000000,0x00000000c493b030,0x00000000c4980000)
}

